<?xml version="1.0" encoding="UTF-8"?>
<!-- Generated by org.testng.reporters.JUnitXMLReporter -->
<testsuite hostname="Prateek-DCCPL" ignored="0" name="Flipkart Test Cases" tests="12" failures="0" timestamp="12 Dec 2018 13:12:45 GMT" time="168.894" errors="0">
  <testcase name="Sign_in_page_verify" time="0.065" classname="com.Test.Sigm_in_test"/>
  <testcase name="FlightFinder_in_page_verify" time="0.016" classname="com.Test.FlightFinderPage"/>
  <testcase name="SelectFlight_in_page_verify" time="2.382" classname="com.Test.SelectFlightTest"/>
  <testcase name="Verify_Book_A_Flight" time="4.586" classname="com.Test.Book_A_Flight_Test"/>
  <testcase name="FlightConfirmationpage_verify" time="7.334" classname="com.Test.FlightConfirmationPageTest"/>
  <testcase name="Sign_in_page" time="2.975" classname="com.Test.Sigm_in_test"/>
  <testcase name="ValidateFlightFinder" time="2.504" classname="com.Test.FlightFinderPage"/>
  <testcase name="Verify_Depart_Return_Details" time="4.875" classname="com.Test.SelectFlightTest"/>
  <testcase name="Book_A_Flight_Details" time="5.239" classname="com.Test.Book_A_Flight_Test"/>
  <testcase name="FlightConfirmationpage_verify_1" time="7.86" classname="com.Test.FlightConfirmationPageTest"/>
  <testcase name="Book_A_Flight_Details_1" time="7.019" classname="com.Test.Book_A_Flight_Test"/>
  <testcase name="FlightConfirmationpage_verify_2" time="8.415" classname="com.Test.FlightConfirmationPageTest"/>
</testsuite> <!-- Flipkart Test Cases -->
